<?xml version="1.0" encoding="UTF-8"?>
<testsuite name="games.game2048.TestMoveValuesInRowOrColumn" tests="5" skipped="0" failures="0" errors="0" timestamp="2024-01-30T14:08:10" hostname="jitenders-MacBook-Air.local" time="0.03">
  <properties/>
  <testcase name="testRow" classname="games.game2048.TestMoveValuesInRowOrColumn" time="0.007"/>
  <testcase name="testRowReversed" classname="games.game2048.TestMoveValuesInRowOrColumn" time="0.006"/>
  <testcase name="testColumn" classname="games.game2048.TestMoveValuesInRowOrColumn" time="0.006"/>
  <testcase name="testNoMove" classname="games.game2048.TestMoveValuesInRowOrColumn" time="0.007"/>
  <testcase name="testColumnReversed" classname="games.game2048.TestMoveValuesInRowOrColumn" time="0.003"/>
  <system-out><![CDATA[]]></system-out>
  <system-err><![CDATA[]]></system-err>
</testsuite>
